CS240: lab6. cs240 Mon Nov 9 09:01:53 EST 2015  Total:  0 of 100

CS240: lab6. cs240 Mon Nov 9 09:09:41 EST 2015  Total:  0 of 100

CS240: lab6. cs240 Mon Nov 9 09:11:19 EST 2015  Total:  0 of 100

CS240: lab6. cs240 Mon Nov 9 09:12:35 EST 2015  Total:  0 of 100

CS240: lab6. cs240 Mon Nov 9 09:13:07 EST 2015  Total:  0 of 100

CS240: lab6. cs240 Mon Nov 9 09:54:56 EST 2015  Total:  0 of 100

CS240: lab6. cs240 Mon Nov 9 09:55:51 EST 2015  Total:  0 of 100
0
100

CS240: lab6. cs240 Mon Nov 9 17:23:46 EST 2015  Total:  0 of 100
0
100

CS240: lab6. allenh1 Wed Nov 11 19:30:46 EST 2015  Total:  100 of 100

CS240: lab6. allenh1 Wed Nov 11 19:40:26 EST 2015  Total:  100 of 100

CS240: lab6. allenh1 Wed Nov 11 19:41:47 EST 2015  Total:  100 of 100

CS240: lab6. allenh1 Wed Nov 11 19:44:33 EST 2015  Total:  100 of 100

CS240: lab6. allenh1 Wed Nov 11 19:44:49 EST 2015  Total:  100 of 100

CS240: lab6. allenh1 Wed Nov 11 19:45:18 EST 2015  Total:  100 of 100

CS240: lab6. allenh1 Wed Nov 11 19:47:36 EST 2015  Total:  100 of 100

CS240: lab6. allenh1 Wed Nov 11 19:48:49 EST 2015  Total:  100 of 100

CS240: lab6. allenh1 Wed Nov 11 19:49:05 EST 2015  Total:  100 of 100

CS240: lab6. allenh1 Wed Nov 11 19:50:01 EST 2015  Total:  100 of 100

CS240: lab6. allenh1 Wed Nov 11 19:51:30 EST 2015  Total:  100 of 100

CS240: lab6. allenh1 Wed Nov 11 19:52:44 EST 2015  Total:  100 of 100

CS240: lab6. allenh1 Wed Nov 11 19:53:40 EST 2015  Total:  100 of 100

CS240: lab6. allenh1 Wed Nov 11 19:54:37 EST 2015  Total:  100 of 100

CS240: lab6. allenh1 Wed Nov 11 19:55:10 EST 2015  Total:  100 of 100

CS240: lab6. allenh1 Wed Nov 11 19:55:31 EST 2015  Total:  100 of 100

CS240: lab6. allenh1 Wed Nov 11 20:34:24 EST 2015  Total:  100 of 100

CS240: lab6. allenh1 Wed Nov 11 20:35:09 EST 2015  Total:  100 of 100

CS240: lab6. allenh1 Wed Nov 11 20:35:42 EST 2015  Total:  100 of 100

CS240: lab6. allenh1 Wed Nov 11 20:36:03 EST 2015  Total:  100 of 100

CS240: lab6. allenh1 Wed Nov 11 20:37:02 EST 2015  Total:  0 of 100

CS240: lab6. allenh1 Wed Nov 11 20:37:11 EST 2015  Total:  0 of 100

CS240: lab6. allenh1 Wed Nov 11 20:42:32 EST 2015  Total:  0 of 100

CS240: lab6. allenh1 Wed Nov 11 20:46:46 EST 2015  Total:  0 of 100

CS240: lab6. allenh1 /home/allenh1/CS/CS240-2015Labs/lab6-src/problems/arraylist-src Wed Nov 11 20:50:38 EST 2015  Total:  0 of 100
0
100

CS240: lab6. allenh1 /home/allenh1/CS/CS240-2015Labs/lab6-src/problems/arraylist-src Wed Nov 11 20:50:44 EST 2015  Total:  0 of 100
0
100

CS240: lab6. allenh1 /home/allenh1/CS/CS240-2015Labs/lab6-src/problems/arraylist-src Wed Nov 11 20:52:09 EST 2015  Total:  0 of 100
0
100

CS240: lab6. allenh1 /home/allenh1/CS/CS240-2015Labs/lab6-src/problems/arraylist-src Wed Nov 11 20:54:09 EST 2015  Total:  0 of 100
0
100

CS240: lab6. allenh1 /home/allenh1/CS/CS240-2015Labs/lab6-src/problems/arraylist-src Wed Nov 11 21:01:33 EST 2015  Total:  0 of 100
0
100

CS240: lab6. cs240 /homes/cs240/2015Fall/lab6-cpp-intro/CS240-2015Labs/lab6-src/problems/arraylist-src Wed Nov 11 21:03:30 EST 2015  Total:  0 of 100
0
100

CS240: lab6. cs240 /homes/cs240/2015Fall/lab6-cpp-intro/CS240-2015Labs/lab6-src/problems/arraylist-src Wed Nov 11 21:07:12 EST 2015  Total:  0 of 100
0
100

CS240: lab6. cs240 /homes/cs240/2015Fall/lab6-cpp-intro/CS240-2015Labs/lab6-src/problems/arraylist-src Wed Nov 11 21:08:01 EST 2015  Total:  0 of 100
0
100

CS240: lab6. aranga /homes/aranga/Desktop/cs240/lab6-src/problems/arraylist-src Fri Nov 20 15:05:17 EST 2015  Total:  100 of 100
100
100

CS240: lab6. aranga /homes/aranga/Desktop/cs240/lab6-src/problems/arraylist-src Fri Nov 20 16:31:36 EST 2015  Total:  100 of 100
100
100

CS240: lab6. aranga /homes/aranga/Desktop/cs240/lab6-src/problems/arraylist-src Fri Nov 20 17:17:15 EST 2015  Total:  100 of 100
100
100

CS240: lab6. aranga /homes/aranga/Desktop/cs240/lab6-src/problems/arraylist-src Fri Nov 20 23:19:21 EST 2015  Total:  100 of 100
100
100

CS240: lab6. aranga /homes/aranga/Desktop/cs240/lab6-src/problems/arraylist-src Fri Nov 20 23:21:06 EST 2015  Total:  100 of 100
100
100

CS240: lab6. aranga /homes/aranga/Desktop/cs240/lab6-src/problems/arraylist-src Fri Nov 20 23:23:14 EST 2015  Total:  100 of 100
100
100

