

-------------------------------------------------
CS240: Lab 2b. cs240   
Sat Aug 29 15:19:08 EDT 2015
-------------------------------------------------
test_mystring test1                 : 0   of 3  
test_mystring test2                 : 0   of 3  
test_mystring test3                 : 0   of 3  
test_mystring test4                 : 0   of 3  
test_mystring test5                 : 0   of 3  
test_mystring test6                 : 0   of 3  
test_mystring test7                 : 0   of 3  
-------------------------------------------------
CS240: Lab 2b. cs240 Sat Aug 29 15:19:08 EDT 2015  Total:  0 of 21



-------------------------------------------------
CS240: Lab 2b. cs240   
Sat Aug 29 15:25:50 EDT 2015
-------------------------------------------------
test_mystring test1                 : 3   of 3  
test_mystring test2                 : 3   of 3  
test_mystring test3                 : 3   of 3  
test_mystring test4                 : 3   of 3  
test_mystring test5                 : 3   of 3  
test_mystring test6                 : 3   of 3  
test_mystring test7                 : 3   of 3  
-------------------------------------------------
CS240: Lab 2b. cs240 Sat Aug 29 15:25:50 EDT 2015  Total:  21 of 21



-------------------------------------------------
CS240: Lab 2b. cs240   
Sat Aug 29 15:26:57 EDT 2015
-------------------------------------------------
test_mystring test1                 : 3   of 3  
test_mystring test2                 : 3   of 3  
test_mystring test3                 : 3   of 3  
test_mystring test4                 : 3   of 3  
test_mystring test5                 : 3   of 3  
test_mystring test6                 : 3   of 3  
test_mystring test7                 : 3   of 3  
-------------------------------------------------
CS240: Lab 2b. cs240 Sat Aug 29 15:26:57 EDT 2015  Total:  21 of 21



-------------------------------------------------
CS240: Lab 2b. cs240   
Sat Aug 29 15:27:45 EDT 2015
-------------------------------------------------
test_mystring test1                 : 0   of 3  
test_mystring test2                 : 0   of 3  
test_mystring test3                 : 0   of 3  
test_mystring test4                 : 0   of 3  
test_mystring test5                 : 0   of 3  
test_mystring test6                 : 0   of 3  
test_mystring test7                 : 0   of 3  
-------------------------------------------------
CS240: Lab 2b. cs240 Sat Aug 29 15:27:45 EDT 2015  Total:  0 of 21



-------------------------------------------------
CS240: Lab 2b. cs240   
Sat Aug 29 15:28:05 EDT 2015
-------------------------------------------------
test_mystring test1                 : 0   of 3  
test_mystring test2                 : 0   of 3  
test_mystring test3                 : 0   of 3  
test_mystring test4                 : 0   of 3  
test_mystring test5                 : 0   of 3  
test_mystring test6                 : 0   of 3  
test_mystring test7                 : 0   of 3  
-------------------------------------------------
CS240: Lab 2b. cs240 Sat Aug 29 15:28:05 EDT 2015  Total:  0 of 21



-------------------------------------------------
CS240: Lab 2. aranga   
Sun Aug 30 15:20:50 EDT 2015
-------------------------------------------------
test_mystring test1                 : 3   of 3  
test_mystring test2                 : 0   of 3  
test_mystring test3                 : 0   of 3  
test_mystring test4                 : 0   of 3  
test_mystring test5                 : 0   of 3  
test_mystring test6                 : 0   of 3  
test_mystring test7                 : 0   of 3  
-------------------------------------------------
CS240: Lab 2. aranga Sun Aug 30 15:20:50 EDT 2015  Total:  3 of 21



-------------------------------------------------
CS240: Lab 2. aranga   
Sun Aug 30 15:25:18 EDT 2015
-------------------------------------------------
test_mystring test1                 : 3   of 3  
test_mystring test2                 : 0   of 3  
test_mystring test3                 : 0   of 3  
test_mystring test4                 : 0   of 3  
test_mystring test5                 : 0   of 3  
test_mystring test6                 : 0   of 3  
test_mystring test7                 : 0   of 3  
-------------------------------------------------
CS240: Lab 2. aranga Sun Aug 30 15:25:18 EDT 2015  Total:  3 of 21



-------------------------------------------------
CS240: Lab 2. aranga   
Sun Aug 30 15:29:03 EDT 2015
-------------------------------------------------
test_mystring test1                 : 3   of 3  
test_mystring test2                 : 0   of 3  
test_mystring test3                 : 0   of 3  
test_mystring test4                 : 0   of 3  
test_mystring test5                 : 0   of 3  
test_mystring test6                 : 0   of 3  
test_mystring test7                 : 0   of 3  
-------------------------------------------------
CS240: Lab 2. aranga Sun Aug 30 15:29:03 EDT 2015  Total:  3 of 21



-------------------------------------------------
CS240: Lab 2. aranga   
Sun Aug 30 15:29:21 EDT 2015
-------------------------------------------------
test_mystring test1                 : 3   of 3  
test_mystring test2                 : 0   of 3  
test_mystring test3                 : 0   of 3  
test_mystring test4                 : 0   of 3  
test_mystring test5                 : 0   of 3  
test_mystring test6                 : 0   of 3  
test_mystring test7                 : 0   of 3  
-------------------------------------------------
CS240: Lab 2. aranga Sun Aug 30 15:29:21 EDT 2015  Total:  3 of 21



-------------------------------------------------
CS240: Lab 2. aranga   
Sun Aug 30 15:29:53 EDT 2015
-------------------------------------------------
test_mystring test1                 : 3   of 3  
test_mystring test3                 : 0   of 3  
test_mystring test4                 : 0   of 3  
test_mystring test5                 : 0   of 3  
test_mystring test6                 : 0   of 3  
test_mystring test7                 : 0   of 3  
-------------------------------------------------
CS240: Lab 2. aranga Sun Aug 30 15:29:53 EDT 2015  Total:  3 of 21



-------------------------------------------------
CS240: Lab 2. aranga   
Sun Aug 30 15:30:07 EDT 2015
-------------------------------------------------
test_mystring test1                 : 3   of 3  
test_mystring test3                 : 0   of 3  
test_mystring test4                 : 0   of 3  
test_mystring test5                 : 0   of 3  
test_mystring test6                 : 0   of 3  
test_mystring test7                 : 0   of 3  
-------------------------------------------------
CS240: Lab 2. aranga Sun Aug 30 15:30:07 EDT 2015  Total:  3 of 21



-------------------------------------------------
CS240: Lab 2. aranga   
Sun Aug 30 15:30:37 EDT 2015
-------------------------------------------------
test_mystring test1                 : 3   of 3  
test_mystring test3                 : 0   of 3  
test_mystring test4                 : 0   of 3  
test_mystring test5                 : 0   of 3  
test_mystring test6                 : 0   of 3  
test_mystring test7                 : 0   of 3  
-------------------------------------------------
CS240: Lab 2. aranga Sun Aug 30 15:30:37 EDT 2015  Total:  3 of 21



-------------------------------------------------
CS240: Lab 2. aranga   
Sun Aug 30 15:34:19 EDT 2015
-------------------------------------------------
test_mystring test1                 : 3   of 3  
test_mystring test2                 : 0   of 3  
test_mystring test3                 : 0   of 3  
test_mystring test4                 : 0   of 3  
test_mystring test5                 : 0   of 3  
test_mystring test6                 : 0   of 3  
test_mystring test7                 : 0   of 3  
-------------------------------------------------
CS240: Lab 2. aranga Sun Aug 30 15:34:19 EDT 2015  Total:  3 of 21



-------------------------------------------------
CS240: Lab 2. aranga   
Sun Aug 30 15:35:44 EDT 2015
-------------------------------------------------
test_mystring test1                 : 3   of 3  
test_mystring test2                 : 0   of 3  
test_mystring test3                 : 0   of 3  
test_mystring test4                 : 0   of 3  
test_mystring test5                 : 0   of 3  
test_mystring test6                 : 0   of 3  
test_mystring test7                 : 0   of 3  
-------------------------------------------------
CS240: Lab 2. aranga Sun Aug 30 15:35:44 EDT 2015  Total:  3 of 21



-------------------------------------------------
CS240: Lab 2. aranga   
Sun Aug 30 15:36:00 EDT 2015
-------------------------------------------------
test_mystring test1                 : 3   of 3  
test_mystring test2                 : 0   of 3  
test_mystring test3                 : 0   of 3  
test_mystring test4                 : 0   of 3  
test_mystring test5                 : 0   of 3  
test_mystring test6                 : 0   of 3  
test_mystring test7                 : 0   of 3  
-------------------------------------------------
CS240: Lab 2. aranga Sun Aug 30 15:36:00 EDT 2015  Total:  3 of 21



-------------------------------------------------
CS240: Lab 2. aranga   
Sun Aug 30 15:36:14 EDT 2015
-------------------------------------------------
test_mystring test1                 : 3   of 3  
test_mystring test2                 : 0   of 3  
test_mystring test3                 : 0   of 3  
test_mystring test4                 : 0   of 3  
test_mystring test5                 : 0   of 3  
test_mystring test6                 : 0   of 3  
test_mystring test7                 : 0   of 3  
-------------------------------------------------
CS240: Lab 2. aranga Sun Aug 30 15:36:14 EDT 2015  Total:  3 of 21



-------------------------------------------------
CS240: Lab 2. aranga   
Sun Aug 30 15:37:10 EDT 2015
-------------------------------------------------
test_mystring test1                 : 3   of 3  
test_mystring test2                 : 0   of 3  
test_mystring test3                 : 0   of 3  
test_mystring test4                 : 0   of 3  
test_mystring test5                 : 0   of 3  
test_mystring test6                 : 0   of 3  
test_mystring test7                 : 0   of 3  
-------------------------------------------------
CS240: Lab 2. aranga Sun Aug 30 15:37:10 EDT 2015  Total:  3 of 21



-------------------------------------------------
CS240: Lab 2. aranga   
Sun Aug 30 15:37:36 EDT 2015
-------------------------------------------------
test_mystring test1                 : 3   of 3  
test_mystring test2                 : 0   of 3  
test_mystring test3                 : 0   of 3  
test_mystring test4                 : 0   of 3  
test_mystring test5                 : 0   of 3  
test_mystring test6                 : 0   of 3  
test_mystring test7                 : 0   of 3  
-------------------------------------------------
CS240: Lab 2. aranga Sun Aug 30 15:37:36 EDT 2015  Total:  3 of 21



-------------------------------------------------
CS240: Lab 2. aranga   
Sun Aug 30 15:38:29 EDT 2015
-------------------------------------------------
test_mystring test1                 : 3   of 3  
test_mystring test2                 : 0   of 3  
test_mystring test3                 : 0   of 3  
test_mystring test4                 : 0   of 3  
test_mystring test5                 : 0   of 3  
test_mystring test6                 : 0   of 3  
test_mystring test7                 : 0   of 3  
-------------------------------------------------
CS240: Lab 2. aranga Sun Aug 30 15:38:29 EDT 2015  Total:  3 of 21



-------------------------------------------------
CS240: Lab 2. aranga   
Sun Aug 30 15:38:39 EDT 2015
-------------------------------------------------
test_mystring test1                 : 3   of 3  
test_mystring test2                 : 0   of 3  
test_mystring test3                 : 0   of 3  
test_mystring test4                 : 0   of 3  
test_mystring test5                 : 0   of 3  
test_mystring test6                 : 0   of 3  
test_mystring test7                 : 0   of 3  
-------------------------------------------------
CS240: Lab 2. aranga Sun Aug 30 15:38:39 EDT 2015  Total:  3 of 21



-------------------------------------------------
CS240: Lab 2. aranga   
Sun Aug 30 15:39:35 EDT 2015
-------------------------------------------------
test_mystring test1                 : 3   of 3  
test_mystring test2                 : 0   of 3  
test_mystring test3                 : 0   of 3  
test_mystring test4                 : 0   of 3  
test_mystring test5                 : 0   of 3  
test_mystring test6                 : 0   of 3  
test_mystring test7                 : 0   of 3  
-------------------------------------------------
CS240: Lab 2. aranga Sun Aug 30 15:39:35 EDT 2015  Total:  3 of 21



-------------------------------------------------
CS240: Lab 2. aranga   
Sun Aug 30 15:47:58 EDT 2015
-------------------------------------------------
test_mystring test1                 : 3   of 3  
test_mystring test2                 : 0   of 3  
test_mystring test3                 : 0   of 3  
test_mystring test4                 : 0   of 3  
test_mystring test5                 : 0   of 3  
test_mystring test6                 : 0   of 3  
test_mystring test7                 : 0   of 3  
-------------------------------------------------
CS240: Lab 2. aranga Sun Aug 30 15:47:58 EDT 2015  Total:  3 of 21



-------------------------------------------------
CS240: Lab 2. aranga   
Sun Aug 30 15:53:26 EDT 2015
-------------------------------------------------
test_mystring test1                 : 3   of 3  
test_mystring test2                 : 0   of 3  
test_mystring test3                 : 0   of 3  
test_mystring test4                 : 0   of 3  
test_mystring test5                 : 0   of 3  
test_mystring test6                 : 0   of 3  
test_mystring test7                 : 0   of 3  
-------------------------------------------------
CS240: Lab 2. aranga Sun Aug 30 15:53:26 EDT 2015  Total:  3 of 21



-------------------------------------------------
CS240: Lab 2. aranga   
Sun Aug 30 15:53:46 EDT 2015
-------------------------------------------------
test_mystring test1                 : 3   of 3  
test_mystring test2                 : 0   of 3  
test_mystring test3                 : 0   of 3  
test_mystring test4                 : 0   of 3  
test_mystring test5                 : 0   of 3  
test_mystring test6                 : 0   of 3  
test_mystring test7                 : 0   of 3  
-------------------------------------------------
CS240: Lab 2. aranga Sun Aug 30 15:53:46 EDT 2015  Total:  3 of 21



-------------------------------------------------
CS240: Lab 2. aranga   
Sun Aug 30 15:54:30 EDT 2015
-------------------------------------------------
test_mystring test1                 : 3   of 3  
test_mystring test2                 : 3   of 3  
test_mystring test3                 : 0   of 3  
test_mystring test4                 : 0   of 3  
test_mystring test5                 : 0   of 3  
test_mystring test6                 : 0   of 3  
test_mystring test7                 : 0   of 3  
-------------------------------------------------
CS240: Lab 2. aranga Sun Aug 30 15:54:30 EDT 2015  Total:  6 of 21



-------------------------------------------------
CS240: Lab 2. aranga   
Sun Aug 30 16:09:25 EDT 2015
-------------------------------------------------
test_mystring test1                 : 3   of 3  
test_mystring test2                 : 3   of 3  
test_mystring test3                 : 0   of 3  
test_mystring test4                 : 0   of 3  
test_mystring test5                 : 0   of 3  
test_mystring test6                 : 0   of 3  
test_mystring test7                 : 0   of 3  
-------------------------------------------------
CS240: Lab 2. aranga Sun Aug 30 16:09:25 EDT 2015  Total:  6 of 21



-------------------------------------------------
CS240: Lab 2. aranga   
Sun Aug 30 16:12:10 EDT 2015
-------------------------------------------------
test_mystring test1                 : 3   of 3  
test_mystring test2                 : 3   of 3  
test_mystring test3                 : 0   of 3  
test_mystring test4                 : 0   of 3  
test_mystring test5                 : 0   of 3  
test_mystring test6                 : 0   of 3  
test_mystring test7                 : 0   of 3  
-------------------------------------------------
CS240: Lab 2. aranga Sun Aug 30 16:12:10 EDT 2015  Total:  6 of 21



-------------------------------------------------
CS240: Lab 2. aranga   
Sun Aug 30 16:19:29 EDT 2015
-------------------------------------------------
test_mystring test1                 : 3   of 3  
test_mystring test2                 : 3   of 3  
test_mystring test3                 : 0   of 3  
test_mystring test4                 : 0   of 3  
test_mystring test5                 : 0   of 3  
test_mystring test6                 : 0   of 3  
test_mystring test7                 : 0   of 3  
-------------------------------------------------
CS240: Lab 2. aranga Sun Aug 30 16:19:29 EDT 2015  Total:  6 of 21



-------------------------------------------------
CS240: Lab 2. aranga   
Sun Aug 30 16:19:51 EDT 2015
-------------------------------------------------
test_mystring test1                 : 3   of 3  
test_mystring test2                 : 3   of 3  
test_mystring test3                 : 0   of 3  
test_mystring test4                 : 0   of 3  
test_mystring test5                 : 0   of 3  
test_mystring test6                 : 0   of 3  
test_mystring test7                 : 0   of 3  
-------------------------------------------------
CS240: Lab 2. aranga Sun Aug 30 16:19:51 EDT 2015  Total:  6 of 21



-------------------------------------------------
CS240: Lab 2. aranga   
Sun Aug 30 16:21:31 EDT 2015
-------------------------------------------------
test_mystring test1                 : 3   of 3  
test_mystring test2                 : 3   of 3  
test_mystring test3                 : 0   of 3  
test_mystring test4                 : 0   of 3  
test_mystring test5                 : 0   of 3  
test_mystring test6                 : 0   of 3  
test_mystring test7                 : 0   of 3  
-------------------------------------------------
CS240: Lab 2. aranga Sun Aug 30 16:21:31 EDT 2015  Total:  6 of 21



-------------------------------------------------
CS240: Lab 2. aranga   
Sun Aug 30 16:23:08 EDT 2015
-------------------------------------------------
test_mystring test1                 : 3   of 3  
test_mystring test2                 : 3   of 3  
test_mystring test3                 : 3   of 3  
test_mystring test4                 : 0   of 3  
test_mystring test5                 : 0   of 3  
test_mystring test6                 : 0   of 3  
test_mystring test7                 : 0   of 3  
-------------------------------------------------
CS240: Lab 2. aranga Sun Aug 30 16:23:08 EDT 2015  Total:  9 of 21



-------------------------------------------------
CS240: Lab 2. aranga   
Sun Aug 30 16:28:32 EDT 2015
-------------------------------------------------
test_mystring test1                 : 3   of 3  
test_mystring test2                 : 3   of 3  
test_mystring test3                 : 3   of 3  
test_mystring test4                 : 0   of 3  
test_mystring test5                 : 0   of 3  
test_mystring test6                 : 0   of 3  
test_mystring test7                 : 0   of 3  
-------------------------------------------------
CS240: Lab 2. aranga Sun Aug 30 16:28:32 EDT 2015  Total:  9 of 21



-------------------------------------------------
CS240: Lab 2. aranga   
Sun Aug 30 16:33:31 EDT 2015
-------------------------------------------------
test_mystring test1                 : 3   of 3  
test_mystring test2                 : 3   of 3  
test_mystring test3                 : 3   of 3  
test_mystring test4                 : 0   of 3  
test_mystring test5                 : 0   of 3  
test_mystring test6                 : 0   of 3  
test_mystring test7                 : 0   of 3  
-------------------------------------------------
CS240: Lab 2. aranga Sun Aug 30 16:33:31 EDT 2015  Total:  9 of 21



-------------------------------------------------
CS240: Lab 2. aranga   
Sun Aug 30 16:41:16 EDT 2015
-------------------------------------------------
test_mystring test1                 : 3   of 3  
test_mystring test2                 : 3   of 3  
test_mystring test3                 : 3   of 3  
test_mystring test4                 : 0   of 3  
test_mystring test5                 : 0   of 3  
test_mystring test6                 : 0   of 3  
test_mystring test7                 : 0   of 3  
-------------------------------------------------
CS240: Lab 2. aranga Sun Aug 30 16:41:16 EDT 2015  Total:  9 of 21



-------------------------------------------------
CS240: Lab 2. aranga   
Sun Aug 30 16:42:02 EDT 2015
-------------------------------------------------
test_mystring test1                 : 3   of 3  
test_mystring test2                 : 3   of 3  
test_mystring test3                 : 3   of 3  
test_mystring test4                 : 3   of 3  
test_mystring test5                 : 0   of 3  
test_mystring test6                 : 0   of 3  
test_mystring test7                 : 0   of 3  
-------------------------------------------------
CS240: Lab 2. aranga Sun Aug 30 16:42:02 EDT 2015  Total:  12 of 21



-------------------------------------------------
CS240: Lab 2. aranga   
Sun Aug 30 16:51:39 EDT 2015
-------------------------------------------------
test_mystring test1                 : 3   of 3  
test_mystring test2                 : 3   of 3  
test_mystring test3                 : 3   of 3  
test_mystring test4                 : 3   of 3  
test_mystring test5                 : 0   of 3  
test_mystring test6                 : 3   of 3  
test_mystring test7                 : 0   of 3  
-------------------------------------------------
CS240: Lab 2. aranga Sun Aug 30 16:51:39 EDT 2015  Total:  15 of 21



-------------------------------------------------
CS240: Lab 2. aranga   
Sun Aug 30 18:24:28 EDT 2015
-------------------------------------------------
test_mystring test1                 : 3   of 3  
test_mystring test2                 : 3   of 3  
test_mystring test3                 : 3   of 3  
test_mystring test4                 : 3   of 3  
test_mystring test5                 : 0   of 3  
test_mystring test6                 : 3   of 3  
-------------------------------------------------
CS240: Lab 2. aranga Sun Aug 30 18:24:28 EDT 2015  Total:  15 of 21



-------------------------------------------------
CS240: Lab 2. aranga   
Sun Aug 30 18:36:42 EDT 2015
-------------------------------------------------
test_mystring test1                 : 3   of 3  
test_mystring test2                 : 3   of 3  
test_mystring test3                 : 3   of 3  
test_mystring test4                 : 3   of 3  
test_mystring test6                 : 3   of 3  
-------------------------------------------------
CS240: Lab 2. aranga Sun Aug 30 18:36:42 EDT 2015  Total:  15 of 21



-------------------------------------------------
CS240: Lab 2. aranga   
Thu Sep  3 13:59:49 EDT 2015
-------------------------------------------------
test_mystring test1                 : 3   of 3  
test_mystring test2                 : 3   of 3  
test_mystring test3                 : 3   of 3  
test_mystring test4                 : 3   of 3  
test_mystring test6                 : 3   of 3  
-------------------------------------------------
CS240: Lab 2. aranga Thu Sep 3 13:59:49 EDT 2015  Total:  15 of 21



-------------------------------------------------
CS240: Lab 2. aranga   
Fri Sep  4 21:11:53 EDT 2015
-------------------------------------------------
test_mystring test1                 : 3   of 3  
test_mystring test2                 : 3   of 3  
test_mystring test3                 : 3   of 3  
test_mystring test4                 : 3   of 3  
test_mystring test6                 : 3   of 3  
-------------------------------------------------
CS240: Lab 2. aranga Fri Sep 4 21:11:53 EDT 2015  Total:  15 of 21



-------------------------------------------------
CS240: Lab 2. aranga   
Fri Sep  4 21:18:15 EDT 2015
-------------------------------------------------
test_mystring test1                 : 3   of 3  
test_mystring test2                 : 3   of 3  
test_mystring test3                 : 3   of 3  
test_mystring test4                 : 3   of 3  
test_mystring test6                 : 3   of 3  
test_mystring test7                 : 3   of 3  
-------------------------------------------------
CS240: Lab 2. aranga Fri Sep 4 21:18:15 EDT 2015  Total:  18 of 21



-------------------------------------------------
CS240: Lab 2. aranga   
Fri Sep  4 21:21:27 EDT 2015
-------------------------------------------------
test_mystring test1                 : 3   of 3  
test_mystring test2                 : 3   of 3  
test_mystring test3                 : 3   of 3  
test_mystring test4                 : 3   of 3  
test_mystring test6                 : 3   of 3  
test_mystring test7                 : 3   of 3  
-------------------------------------------------
CS240: Lab 2. aranga Fri Sep 4 21:21:27 EDT 2015  Total:  18 of 21



-------------------------------------------------
CS240: Lab 2. aranga   
Fri Sep  4 21:26:32 EDT 2015
-------------------------------------------------
test_mystring test1                 : 3   of 3  
test_mystring test2                 : 3   of 3  
test_mystring test3                 : 3   of 3  
test_mystring test4                 : 3   of 3  
test_mystring test6                 : 3   of 3  
test_mystring test7                 : 3   of 3  
-------------------------------------------------
CS240: Lab 2. aranga Fri Sep 4 21:26:32 EDT 2015  Total:  18 of 21



-------------------------------------------------
CS240: Lab 2. aranga   
Fri Sep  4 21:44:14 EDT 2015
-------------------------------------------------
test_mystring test1                 : 3   of 3  
test_mystring test2                 : 3   of 3  
test_mystring test3                 : 3   of 3  
test_mystring test4                 : 3   of 3  
test_mystring test5                 : 0   of 3  
test_mystring test6                 : 3   of 3  
test_mystring test7                 : 3   of 3  
-------------------------------------------------
CS240: Lab 2. aranga Fri Sep 4 21:44:14 EDT 2015  Total:  18 of 21



-------------------------------------------------
CS240: Lab 2. aranga   
Fri Sep  4 21:45:11 EDT 2015
-------------------------------------------------
test_mystring test1                 : 3   of 3  
test_mystring test2                 : 3   of 3  
test_mystring test3                 : 3   of 3  
test_mystring test4                 : 3   of 3  
test_mystring test5                 : 0   of 3  
test_mystring test6                 : 3   of 3  
test_mystring test7                 : 3   of 3  
-------------------------------------------------
CS240: Lab 2. aranga Fri Sep 4 21:45:11 EDT 2015  Total:  18 of 21



-------------------------------------------------
CS240: Lab 2. aranga   
Fri Sep  4 21:47:45 EDT 2015
-------------------------------------------------
test_mystring test1                 : 3   of 3  
test_mystring test2                 : 3   of 3  
test_mystring test3                 : 3   of 3  
test_mystring test4                 : 3   of 3  
test_mystring test5                 : 0   of 3  
test_mystring test6                 : 3   of 3  
test_mystring test7                 : 3   of 3  
-------------------------------------------------
CS240: Lab 2. aranga Fri Sep 4 21:47:45 EDT 2015  Total:  18 of 21



-------------------------------------------------
CS240: Lab 2. aranga   
Fri Sep  4 21:49:31 EDT 2015
-------------------------------------------------
test_mystring test1                 : 3   of 3  
test_mystring test2                 : 3   of 3  
test_mystring test3                 : 3   of 3  
test_mystring test4                 : 3   of 3  
test_mystring test5                 : 0   of 3  
test_mystring test6                 : 3   of 3  
test_mystring test7                 : 3   of 3  
-------------------------------------------------
CS240: Lab 2. aranga Fri Sep 4 21:49:31 EDT 2015  Total:  18 of 21



-------------------------------------------------
CS240: Lab 2. aranga   
Fri Sep  4 22:03:02 EDT 2015
-------------------------------------------------
test_mystring test1                 : 3   of 3  
test_mystring test2                 : 3   of 3  
test_mystring test3                 : 3   of 3  
test_mystring test4                 : 3   of 3  
test_mystring test5                 : 0   of 3  
test_mystring test6                 : 3   of 3  
test_mystring test7                 : 3   of 3  
-------------------------------------------------
CS240: Lab 2. aranga Fri Sep 4 22:03:02 EDT 2015  Total:  18 of 21



-------------------------------------------------
CS240: Lab 2. aranga   
Fri Sep  4 22:05:07 EDT 2015
-------------------------------------------------
test_mystring test1                 : 3   of 3  
test_mystring test2                 : 3   of 3  
test_mystring test3                 : 3   of 3  
test_mystring test4                 : 3   of 3  
test_mystring test5                 : 0   of 3  
test_mystring test6                 : 3   of 3  
test_mystring test7                 : 3   of 3  
-------------------------------------------------
CS240: Lab 2. aranga Fri Sep 4 22:05:07 EDT 2015  Total:  18 of 21



-------------------------------------------------
CS240: Lab 2. aranga   
Fri Sep  4 22:06:25 EDT 2015
-------------------------------------------------
test_mystring test1                 : 3   of 3  
test_mystring test2                 : 3   of 3  
test_mystring test3                 : 3   of 3  
test_mystring test4                 : 3   of 3  
test_mystring test5                 : 0   of 3  
test_mystring test6                 : 3   of 3  
test_mystring test7                 : 3   of 3  
-------------------------------------------------
CS240: Lab 2. aranga Fri Sep 4 22:06:25 EDT 2015  Total:  18 of 21



-------------------------------------------------
CS240: Lab 2. aranga   
Fri Sep  4 22:07:16 EDT 2015
-------------------------------------------------
test_mystring test1                 : 3   of 3  
test_mystring test2                 : 3   of 3  
test_mystring test3                 : 3   of 3  
test_mystring test4                 : 3   of 3  
test_mystring test5                 : 0   of 3  
test_mystring test6                 : 3   of 3  
test_mystring test7                 : 3   of 3  
-------------------------------------------------
CS240: Lab 2. aranga Fri Sep 4 22:07:16 EDT 2015  Total:  18 of 21



-------------------------------------------------
CS240: Lab 2. aranga   
Fri Sep  4 22:09:30 EDT 2015
-------------------------------------------------
test_mystring test1                 : 3   of 3  
test_mystring test2                 : 3   of 3  
test_mystring test3                 : 3   of 3  
test_mystring test4                 : 3   of 3  
test_mystring test5                 : 0   of 3  
test_mystring test6                 : 3   of 3  
test_mystring test7                 : 3   of 3  
-------------------------------------------------
CS240: Lab 2. aranga Fri Sep 4 22:09:30 EDT 2015  Total:  18 of 21



-------------------------------------------------
CS240: Lab 2. aranga   
Fri Sep  4 22:09:52 EDT 2015
-------------------------------------------------
test_mystring test1                 : 3   of 3  
test_mystring test2                 : 3   of 3  
test_mystring test3                 : 3   of 3  
test_mystring test4                 : 3   of 3  
test_mystring test5                 : 0   of 3  
test_mystring test6                 : 3   of 3  
test_mystring test7                 : 3   of 3  
-------------------------------------------------
CS240: Lab 2. aranga Fri Sep 4 22:09:52 EDT 2015  Total:  18 of 21



-------------------------------------------------
CS240: Lab 2. aranga   
Fri Sep  4 22:10:17 EDT 2015
-------------------------------------------------
test_mystring test1                 : 3   of 3  
test_mystring test2                 : 3   of 3  
test_mystring test3                 : 3   of 3  
test_mystring test4                 : 3   of 3  
test_mystring test5                 : 0   of 3  
test_mystring test6                 : 3   of 3  
test_mystring test7                 : 3   of 3  
-------------------------------------------------
CS240: Lab 2. aranga Fri Sep 4 22:10:17 EDT 2015  Total:  18 of 21



-------------------------------------------------
CS240: Lab 2. aranga   
Fri Sep  4 22:10:46 EDT 2015
-------------------------------------------------
test_mystring test1                 : 3   of 3  
test_mystring test2                 : 3   of 3  
test_mystring test3                 : 3   of 3  
test_mystring test4                 : 3   of 3  
test_mystring test5                 : 0   of 3  
test_mystring test6                 : 3   of 3  
test_mystring test7                 : 3   of 3  
-------------------------------------------------
CS240: Lab 2. aranga Fri Sep 4 22:10:46 EDT 2015  Total:  18 of 21



-------------------------------------------------
CS240: Lab 2. aranga   
Fri Sep  4 22:20:11 EDT 2015
-------------------------------------------------
test_mystring test1                 : 3   of 3  
test_mystring test2                 : 3   of 3  
test_mystring test3                 : 3   of 3  
test_mystring test4                 : 3   of 3  
test_mystring test5                 : 0   of 3  
test_mystring test6                 : 3   of 3  
test_mystring test7                 : 3   of 3  
-------------------------------------------------
CS240: Lab 2. aranga Fri Sep 4 22:20:11 EDT 2015  Total:  18 of 21



-------------------------------------------------
CS240: Lab 2. aranga   
Fri Sep  4 22:21:55 EDT 2015
-------------------------------------------------
test_mystring test1                 : 3   of 3  
test_mystring test2                 : 3   of 3  
test_mystring test3                 : 3   of 3  
test_mystring test4                 : 3   of 3  
test_mystring test5                 : 0   of 3  
test_mystring test6                 : 3   of 3  
test_mystring test7                 : 3   of 3  
-------------------------------------------------
CS240: Lab 2. aranga Fri Sep 4 22:21:55 EDT 2015  Total:  18 of 21



-------------------------------------------------
CS240: Lab 2. aranga   
Fri Sep  4 22:25:20 EDT 2015
-------------------------------------------------
test_mystring test1                 : 3   of 3  
test_mystring test2                 : 3   of 3  
test_mystring test3                 : 3   of 3  
test_mystring test4                 : 3   of 3  
test_mystring test5                 : 0   of 3  
test_mystring test6                 : 3   of 3  
test_mystring test7                 : 3   of 3  
-------------------------------------------------
CS240: Lab 2. aranga Fri Sep 4 22:25:20 EDT 2015  Total:  18 of 21



-------------------------------------------------
CS240: Lab 2. aranga   
Fri Sep  4 22:25:47 EDT 2015
-------------------------------------------------
test_mystring test1                 : 3   of 3  
test_mystring test2                 : 3   of 3  
test_mystring test3                 : 3   of 3  
test_mystring test4                 : 3   of 3  
test_mystring test5                 : 0   of 3  
test_mystring test6                 : 3   of 3  
test_mystring test7                 : 3   of 3  
-------------------------------------------------
CS240: Lab 2. aranga Fri Sep 4 22:25:47 EDT 2015  Total:  18 of 21



-------------------------------------------------
CS240: Lab 2. aranga   
Fri Sep  4 22:28:09 EDT 2015
-------------------------------------------------
test_mystring test1                 : 3   of 3  
test_mystring test2                 : 3   of 3  
test_mystring test3                 : 3   of 3  
test_mystring test4                 : 3   of 3  
test_mystring test5                 : 0   of 3  
test_mystring test6                 : 3   of 3  
test_mystring test7                 : 3   of 3  
-------------------------------------------------
CS240: Lab 2. aranga Fri Sep 4 22:28:09 EDT 2015  Total:  18 of 21



-------------------------------------------------
CS240: Lab 2. aranga   
Fri Sep  4 22:29:06 EDT 2015
-------------------------------------------------
test_mystring test1                 : 3   of 3  
test_mystring test2                 : 3   of 3  
test_mystring test3                 : 3   of 3  
test_mystring test4                 : 3   of 3  
test_mystring test5                 : 0   of 3  
test_mystring test6                 : 3   of 3  
test_mystring test7                 : 3   of 3  
-------------------------------------------------
CS240: Lab 2. aranga Fri Sep 4 22:29:06 EDT 2015  Total:  18 of 21



-------------------------------------------------
CS240: Lab 2. aranga   
Fri Sep  4 22:30:14 EDT 2015
-------------------------------------------------
test_mystring test1                 : 3   of 3  
test_mystring test2                 : 3   of 3  
test_mystring test3                 : 3   of 3  
test_mystring test4                 : 3   of 3  
test_mystring test5                 : 0   of 3  
test_mystring test6                 : 3   of 3  
test_mystring test7                 : 3   of 3  
-------------------------------------------------
CS240: Lab 2. aranga Fri Sep 4 22:30:14 EDT 2015  Total:  18 of 21



-------------------------------------------------
CS240: Lab 2. aranga   
Fri Sep  4 22:30:39 EDT 2015
-------------------------------------------------
test_mystring test1                 : 3   of 3  
test_mystring test2                 : 3   of 3  
test_mystring test3                 : 3   of 3  
test_mystring test4                 : 3   of 3  
test_mystring test5                 : 0   of 3  
test_mystring test6                 : 3   of 3  
test_mystring test7                 : 3   of 3  
-------------------------------------------------
CS240: Lab 2. aranga Fri Sep 4 22:30:39 EDT 2015  Total:  18 of 21



-------------------------------------------------
CS240: Lab 2. aranga   
Fri Sep  4 22:31:24 EDT 2015
-------------------------------------------------
test_mystring test1                 : 3   of 3  
test_mystring test2                 : 3   of 3  
test_mystring test3                 : 3   of 3  
test_mystring test4                 : 3   of 3  
test_mystring test5                 : 0   of 3  
test_mystring test6                 : 3   of 3  
test_mystring test7                 : 3   of 3  
-------------------------------------------------
CS240: Lab 2. aranga Fri Sep 4 22:31:24 EDT 2015  Total:  18 of 21



-------------------------------------------------
CS240: Lab 2. aranga   
Fri Sep  4 22:31:57 EDT 2015
-------------------------------------------------
test_mystring test1                 : 3   of 3  
test_mystring test2                 : 3   of 3  
test_mystring test3                 : 3   of 3  
test_mystring test4                 : 3   of 3  
test_mystring test6                 : 3   of 3  
test_mystring test7                 : 3   of 3  
-------------------------------------------------
CS240: Lab 2. aranga Fri Sep 4 22:31:57 EDT 2015  Total:  18 of 21



-------------------------------------------------
CS240: Lab 2. aranga   
Fri Sep  4 22:32:24 EDT 2015
-------------------------------------------------
test_mystring test1                 : 3   of 3  
test_mystring test2                 : 3   of 3  
test_mystring test3                 : 3   of 3  
test_mystring test4                 : 3   of 3  
test_mystring test5                 : 0   of 3  
test_mystring test6                 : 3   of 3  
test_mystring test7                 : 3   of 3  
-------------------------------------------------
CS240: Lab 2. aranga Fri Sep 4 22:32:24 EDT 2015  Total:  18 of 21



-------------------------------------------------
CS240: Lab 2. aranga   
Fri Sep  4 22:33:53 EDT 2015
-------------------------------------------------
test_mystring test1                 : 3   of 3  
test_mystring test2                 : 3   of 3  
test_mystring test3                 : 3   of 3  
test_mystring test4                 : 3   of 3  
test_mystring test5                 : 0   of 3  
test_mystring test6                 : 3   of 3  
test_mystring test7                 : 3   of 3  
-------------------------------------------------
CS240: Lab 2. aranga Fri Sep 4 22:33:53 EDT 2015  Total:  18 of 21



-------------------------------------------------
CS240: Lab 2. aranga   
Fri Sep  4 22:34:53 EDT 2015
-------------------------------------------------
test_mystring test1                 : 3   of 3  
test_mystring test2                 : 3   of 3  
test_mystring test3                 : 3   of 3  
test_mystring test4                 : 3   of 3  
test_mystring test5                 : 0   of 3  
test_mystring test6                 : 3   of 3  
test_mystring test7                 : 3   of 3  
-------------------------------------------------
CS240: Lab 2. aranga Fri Sep 4 22:34:53 EDT 2015  Total:  18 of 21



-------------------------------------------------
CS240: Lab 2. aranga   
Fri Sep  4 22:36:32 EDT 2015
-------------------------------------------------
test_mystring test1                 : 3   of 3  
test_mystring test2                 : 3   of 3  
test_mystring test3                 : 3   of 3  
test_mystring test4                 : 3   of 3  
test_mystring test5                 : 0   of 3  
test_mystring test6                 : 3   of 3  
test_mystring test7                 : 3   of 3  
-------------------------------------------------
CS240: Lab 2. aranga Fri Sep 4 22:36:32 EDT 2015  Total:  18 of 21



-------------------------------------------------
CS240: Lab 2. aranga   
Fri Sep  4 22:41:41 EDT 2015
-------------------------------------------------
test_mystring test1                 : 3   of 3  
test_mystring test2                 : 3   of 3  
test_mystring test3                 : 3   of 3  
test_mystring test4                 : 3   of 3  
test_mystring test5                 : 3   of 3  
test_mystring test6                 : 3   of 3  
test_mystring test7                 : 3   of 3  
-------------------------------------------------
CS240: Lab 2. aranga Fri Sep 4 22:41:41 EDT 2015  Total:  21 of 21



-------------------------------------------------
CS240: Lab 2. aranga   
Fri Sep  4 22:44:09 EDT 2015
-------------------------------------------------
test_mystring test1                 : 3   of 3  
test_mystring test2                 : 3   of 3  
test_mystring test3                 : 3   of 3  
test_mystring test4                 : 3   of 3  
test_mystring test5                 : 3   of 3  
test_mystring test6                 : 3   of 3  
test_mystring test7                 : 3   of 3  
-------------------------------------------------
CS240: Lab 2. aranga Fri Sep 4 22:44:09 EDT 2015  Total:  21 of 21



-------------------------------------------------
CS240: Lab 2. aranga   
Fri Sep  4 22:45:01 EDT 2015
-------------------------------------------------
test_mystring test1                 : 3   of 3  
test_mystring test2                 : 3   of 3  
test_mystring test3                 : 3   of 3  
test_mystring test4                 : 3   of 3  
test_mystring test5                 : 0   of 3  
test_mystring test6                 : 3   of 3  
test_mystring test7                 : 3   of 3  
-------------------------------------------------
CS240: Lab 2. aranga Fri Sep 4 22:45:01 EDT 2015  Total:  18 of 21



-------------------------------------------------
CS240: Lab 2. aranga   
Fri Sep  4 22:45:13 EDT 2015
-------------------------------------------------
test_mystring test1                 : 3   of 3  
test_mystring test2                 : 3   of 3  
test_mystring test3                 : 3   of 3  
test_mystring test4                 : 3   of 3  
test_mystring test5                 : 0   of 3  
test_mystring test6                 : 3   of 3  
test_mystring test7                 : 3   of 3  
-------------------------------------------------
CS240: Lab 2. aranga Fri Sep 4 22:45:13 EDT 2015  Total:  18 of 21



-------------------------------------------------
CS240: Lab 2. aranga   
Fri Sep  4 22:45:49 EDT 2015
-------------------------------------------------
test_mystring test1                 : 3   of 3  
test_mystring test2                 : 3   of 3  
test_mystring test3                 : 3   of 3  
test_mystring test4                 : 3   of 3  
test_mystring test5                 : 0   of 3  
test_mystring test6                 : 3   of 3  
test_mystring test7                 : 3   of 3  
-------------------------------------------------
CS240: Lab 2. aranga Fri Sep 4 22:45:49 EDT 2015  Total:  18 of 21



-------------------------------------------------
CS240: Lab 2. aranga   
Fri Sep  4 22:46:10 EDT 2015
-------------------------------------------------
test_mystring test1                 : 3   of 3  
test_mystring test2                 : 3   of 3  
test_mystring test3                 : 3   of 3  
test_mystring test4                 : 3   of 3  
test_mystring test5                 : 0   of 3  
test_mystring test6                 : 3   of 3  
test_mystring test7                 : 3   of 3  
-------------------------------------------------
CS240: Lab 2. aranga Fri Sep 4 22:46:10 EDT 2015  Total:  18 of 21



-------------------------------------------------
CS240: Lab 2. aranga   
Fri Sep  4 22:46:23 EDT 2015
-------------------------------------------------
test_mystring test1                 : 3   of 3  
test_mystring test2                 : 3   of 3  
test_mystring test3                 : 3   of 3  
test_mystring test4                 : 3   of 3  
test_mystring test5                 : 3   of 3  
test_mystring test6                 : 3   of 3  
test_mystring test7                 : 3   of 3  
-------------------------------------------------
CS240: Lab 2. aranga Fri Sep 4 22:46:23 EDT 2015  Total:  21 of 21



-------------------------------------------------
CS240: Lab 2. aranga   
Sun Sep  6 18:07:42 EDT 2015
-------------------------------------------------
test_mystring test1                 : 3   of 3  
test_mystring test2                 : 3   of 3  
test_mystring test3                 : 3   of 3  
test_mystring test4                 : 3   of 3  
test_mystring test5                 : 3   of 3  
test_mystring test6                 : 3   of 3  
test_mystring test7                 : 3   of 3  
-------------------------------------------------
CS240: Lab 2. aranga Sun Sep 6 18:07:42 EDT 2015  Total:  21 of 21



-------------------------------------------------
CS240: Lab 2. aranga   
Wed Sep 23 21:12:17 EDT 2015
-------------------------------------------------
test_mystring test1                 : 3   of 3  
test_mystring test2                 : 3   of 3  
test_mystring test3                 : 3   of 3  
test_mystring test4                 : 3   of 3  
test_mystring test5                 : 0   of 3  
test_mystring test6                 : 0   of 3  
test_mystring test7                 : 0   of 3  
-------------------------------------------------
CS240: Lab 2. aranga Wed Sep 23 21:12:17 EDT 2015  Total:  12 of 21



-------------------------------------------------
CS240: Lab 2. aranga   
Wed Sep 23 21:13:56 EDT 2015
-------------------------------------------------
test_mystring test1                 : 3   of 3  
test_mystring test2                 : 3   of 3  
test_mystring test3                 : 3   of 3  
test_mystring test4                 : 3   of 3  
test_mystring test5                 : 0   of 3  
test_mystring test6                 : 3   of 3  
test_mystring test7                 : 0   of 3  
-------------------------------------------------
CS240: Lab 2. aranga Wed Sep 23 21:13:56 EDT 2015  Total:  15 of 21



-------------------------------------------------
CS240: Lab 2. aranga   
Wed Sep 23 21:18:28 EDT 2015
-------------------------------------------------
test_mystring test1                 : 3   of 3  
test_mystring test2                 : 3   of 3  
test_mystring test3                 : 3   of 3  
test_mystring test4                 : 3   of 3  
test_mystring test5                 : 0   of 3  
test_mystring test6                 : 3   of 3  
test_mystring test7                 : 3   of 3  
-------------------------------------------------
CS240: Lab 2. aranga Wed Sep 23 21:18:28 EDT 2015  Total:  18 of 21



-------------------------------------------------
CS240: Lab 2. aranga   
Wed Sep 23 21:24:42 EDT 2015
-------------------------------------------------
test_mystring test1                 : 3   of 3  
test_mystring test2                 : 3   of 3  
test_mystring test3                 : 3   of 3  
test_mystring test4                 : 3   of 3  
test_mystring test6                 : 3   of 3  
test_mystring test7                 : 3   of 3  
-------------------------------------------------
CS240: Lab 2. aranga Wed Sep 23 21:24:42 EDT 2015  Total:  18 of 21



-------------------------------------------------
CS240: Lab 2. aranga   
Wed Sep 23 21:27:06 EDT 2015
-------------------------------------------------
test_mystring test1                 : 3   of 3  
test_mystring test2                 : 3   of 3  
test_mystring test3                 : 3   of 3  
test_mystring test4                 : 3   of 3  
test_mystring test6                 : 3   of 3  
test_mystring test7                 : 3   of 3  
-------------------------------------------------
CS240: Lab 2. aranga Wed Sep 23 21:27:06 EDT 2015  Total:  18 of 21



-------------------------------------------------
CS240: Lab 2. aranga   
Wed Sep 23 21:28:18 EDT 2015
-------------------------------------------------
test_mystring test1                 : 3   of 3  
test_mystring test2                 : 3   of 3  
test_mystring test3                 : 3   of 3  
test_mystring test4                 : 3   of 3  
test_mystring test6                 : 3   of 3  
test_mystring test7                 : 3   of 3  
-------------------------------------------------
CS240: Lab 2. aranga Wed Sep 23 21:28:18 EDT 2015  Total:  18 of 21



-------------------------------------------------
CS240: Lab 2. aranga   
Wed Sep 23 21:38:23 EDT 2015
-------------------------------------------------
test_mystring test1                 : 3   of 3  
test_mystring test2                 : 3   of 3  
test_mystring test3                 : 3   of 3  
test_mystring test4                 : 3   of 3  
test_mystring test5                 : 3   of 3  
test_mystring test6                 : 3   of 3  
test_mystring test7                 : 3   of 3  
-------------------------------------------------
CS240: Lab 2. aranga Wed Sep 23 21:38:23 EDT 2015  Total:  21 of 21



-------------------------------------------------
CS240: Lab 2. aranga   
Wed Sep 23 21:43:25 EDT 2015
-------------------------------------------------
test_mystring test1                 : 3   of 3  
test_mystring test2                 : 3   of 3  
test_mystring test3                 : 3   of 3  
test_mystring test4                 : 3   of 3  
test_mystring test5                 : 3   of 3  
test_mystring test6                 : 3   of 3  
test_mystring test7                 : 3   of 3  
-------------------------------------------------
CS240: Lab 2. aranga Wed Sep 23 21:43:25 EDT 2015  Total:  21 of 21



-------------------------------------------------
CS240: Lab 2. aranga   
Wed Sep 23 21:44:07 EDT 2015
-------------------------------------------------
test_mystring test1                 : 3   of 3  
test_mystring test2                 : 3   of 3  
test_mystring test3                 : 3   of 3  
test_mystring test4                 : 3   of 3  
test_mystring test5                 : 3   of 3  
test_mystring test6                 : 3   of 3  
test_mystring test7                 : 3   of 3  
-------------------------------------------------
CS240: Lab 2. aranga Wed Sep 23 21:44:07 EDT 2015  Total:  21 of 21



-------------------------------------------------
CS240: Lab 2. aranga   
Wed Sep 23 21:58:30 EDT 2015
-------------------------------------------------
test_mystring test1                 : 3   of 3  
test_mystring test2                 : 3   of 3  
test_mystring test3                 : 3   of 3  
test_mystring test4                 : 3   of 3  
test_mystring test5                 : 3   of 3  
test_mystring test6                 : 3   of 3  
test_mystring test7                 : 3   of 3  
-------------------------------------------------
CS240: Lab 2. aranga Wed Sep 23 21:58:30 EDT 2015  Total:  21 of 21

