CS240: lab5. cs240 Mon Sep 28 22:37:35 EDT 2015  Total:  0 of 126

CS240: lab5. cs240 Mon Sep 28 22:39:53 EDT 2015  Total:  59 of 126

CS240: lab5. cs240 Mon Sep 28 22:43:06 EDT 2015  Total:  64 of 126

CS240: lab5. cs240 Mon Sep 28 22:44:48 EDT 2015  Total:  64 of 126

CS240: lab5. cs240 Mon Sep 28 22:46:21 EDT 2015  Total:  64 of 126

CS240: lab5. cs240 Mon Sep 28 22:48:52 EDT 2015  Total:  39 of 126

CS240: lab5. cs240 Mon Sep 28 22:50:29 EDT 2015  Total:  3 of 126

CS240: lab5. cs240 Mon Sep 28 22:51:48 EDT 2015  Total:  3 of 126

CS240: lab4. cs240 Mon Sep 28 22:52:08 EDT 2015  Total:  3 of 126

CS240: lab4. cs240 Mon Sep 28 22:52:21 EDT 2015  Total:  3 of 126

CS240: lab4. cs240 Mon Sep 28 22:55:01 EDT 2015  Total:  3 of 126

CS240: lab4. cs240 Mon Sep 28 22:55:05 EDT 2015  Total:  3 of 126

CS240: lab4. cs240 Mon Sep 28 22:58:06 EDT 2015  Total:  3 of 116

CS240: lab4. cs240 Mon Sep 28 22:59:19 EDT 2015  Total:  3 of 102

CS240: lab4. cs240 Mon Sep 28 22:59:48 EDT 2015  Total:  3 of 100

CS240: lab4. aranga Thu Oct 1 14:05:41 EDT 2015  Total:  9 of 100

CS240: lab4. aranga Thu Oct 1 14:10:21 EDT 2015  Total:  12 of 100

CS240: lab4. aranga Thu Oct 1 14:22:37 EDT 2015  Total:  33 of 100

CS240: lab4. aranga Fri Oct 9 13:19:06 EDT 2015  Total:  33 of 100

CS240: lab4. aranga Fri Oct 9 13:22:44 EDT 2015  Total:  36 of 100

CS240: lab4. aranga Sun Oct 11 12:40:03 EDT 2015  Total:  36 of 100

CS240: lab4. aranga Sun Oct 11 14:49:12 EDT 2015  Total:  36 of 100

CS240: lab4. aranga Sun Oct 11 14:50:38 EDT 2015  Total:  36 of 100

CS240: lab4. aranga Sun Oct 11 14:52:11 EDT 2015  Total:  36 of 100

CS240: lab4. aranga Sun Oct 11 14:53:43 EDT 2015  Total:  36 of 100

CS240: lab4. aranga Sun Oct 11 15:05:29 EDT 2015  Total:  39 of 100

CS240: lab4. aranga Sun Oct 11 15:35:55 EDT 2015  Total:  54 of 100

CS240: lab4. aranga Sun Oct 11 19:14:25 EDT 2015  Total:  54 of 100

CS240: lab4. aranga Sun Oct 11 19:15:25 EDT 2015  Total:  54 of 100

CS240: lab4. aranga Sun Oct 11 19:16:09 EDT 2015  Total:  54 of 100

CS240: lab4. aranga Sun Oct 11 19:16:42 EDT 2015  Total:  62 of 100

CS240: lab4. aranga Sun Oct 11 19:18:08 EDT 2015  Total:  82 of 100

CS240: lab4. aranga Sun Oct 11 19:26:30 EDT 2015  Total:  82 of 100

CS240: lab4. aranga Sun Oct 11 19:29:02 EDT 2015  Total:  82 of 100

CS240: lab4. aranga Mon Oct 12 15:26:24 EDT 2015  Total:  82 of 100

CS240: lab4. aranga Mon Oct 12 15:28:47 EDT 2015  Total:  82 of 100

CS240: lab4. aranga Mon Oct 12 15:30:04 EDT 2015  Total:  82 of 100

CS240: lab4. aranga Mon Oct 12 15:30:59 EDT 2015  Total:  82 of 100

CS240: lab4. aranga Mon Oct 12 15:33:12 EDT 2015  Total:  89 of 100

CS240: lab4. aranga Mon Oct 12 15:34:45 EDT 2015  Total:  100 of 100

